alarm/build/outputs/logs/manifest-merger-debug-report.txt
-- Merging decision tree log ---
manifest
ADDED from AndroidManifest.xml:9:1
	package
		ADDED from AndroidManifest.xml:10:5
	android:sharedUserId
		ADDED from AndroidManifest.xml:12:5
	android:versionName
		ADDED from AndroidManifest.xml:11:5
	xmlns:android
		ADDED from AndroidManifest.xml:9:11
skip-erased
ADDED from AndroidManifest.xml:13:5
permission#com.htc.sense.permission.worldclock.alert
ADDED from AndroidManifest.xml:15:5
	android:protectionLevel
		ADDED from AndroidManifest.xml:15:74
	android:name
		ADDED from AndroidManifest.xml:15:17
uses-permission#android.permission.RECEIVE_BOOT_COMPLETED
ADDED from AndroidManifest.xml:17:5
	android:name
		ADDED from AndroidManifest.xml:17:22
uses-permission#android.permission.WAKE_LOCK
ADDED from AndroidManifest.xml:18:5
	android:name
		ADDED from AndroidManifest.xml:18:22
uses-permission#android.permission.VIBRATE
ADDED from AndroidManifest.xml:19:5
	android:name
		ADDED from AndroidManifest.xml:19:22
uses-permission#android.permission.WRITE_SETTINGS
ADDED from AndroidManifest.xml:20:5
	android:name
		ADDED from AndroidManifest.xml:20:22
uses-permission#android.permission.WRITE_SECURE_SETTINGS
ADDED from AndroidManifest.xml:21:5
	android:name
		ADDED from AndroidManifest.xml:21:22
uses-permission#android.permission.DISABLE_KEYGUARD
ADDED from AndroidManifest.xml:22:5
	android:name
		ADDED from AndroidManifest.xml:22:22
uses-permission#android.permission.GET_TASKS
ADDED from AndroidManifest.xml:23:5
	android:name
		ADDED from AndroidManifest.xml:23:22
uses-permission#android.permission.GET_ACCOUNTS
ADDED from AndroidManifest.xml:24:5
	android:name
		ADDED from AndroidManifest.xml:24:22
uses-permission#android.permission.READ_SYNC_SETTINGS
ADDED from AndroidManifest.xml:25:5
	android:name
		ADDED from AndroidManifest.xml:25:22
uses-permission#android.permission.READ_PRIVILEGED_PHONE_STATE
ADDED from AndroidManifest.xml:26:5
	android:name
		ADDED from AndroidManifest.xml:26:22
uses-permission#com.android.alarm.permission.SET_ALARM
ADDED from AndroidManifest.xml:27:5
	android:name
		ADDED from AndroidManifest.xml:27:22
uses-permission#com.htc.adwagent.permission.RECEIVE_ADW_COMMAND
ADDED from AndroidManifest.xml:28:5
	android:name
		ADDED from AndroidManifest.xml:28:22
uses-permission#com.htc.adwagent.permission.ACCESS_ADW_PROVIDER
ADDED from AndroidManifest.xml:29:5
	android:name
		ADDED from AndroidManifest.xml:29:22
uses-permission#com.htc.permission.APP_DEFAULT
ADDED from AndroidManifest.xml:30:5
	android:name
		ADDED from AndroidManifest.xml:30:22
uses-permission#android.permission.BLUETOOTH
ADDED from AndroidManifest.xml:32:5
	android:name
		ADDED from AndroidManifest.xml:32:22
uses-permission#com.htc.dnatransfer.permission.ACCESS_PROVIDER
ADDED from AndroidManifest.xml:34:5
	android:name
		ADDED from AndroidManifest.xml:34:22
uses-permission#com.nero.permission.ACCESS_CONTENT_PROVIDER
ADDED from AndroidManifest.xml:36:5
	android:name
		ADDED from AndroidManifest.xml:36:22
uses-permission#android.permission.READ_EXTERNAL_STORAGE
ADDED from AndroidManifest.xml:38:5
	android:name
		ADDED from AndroidManifest.xml:38:22
uses-permission#com.htc.sense.permission.APP_HSP
ADDED from AndroidManifest.xml:40:5
MERGED from WorldClock.............hdk.htc.lib1:MastHead:unspecified:9:5
	android:name
		ADDED from AndroidManifest.xml:40:22
uses-permission#com.htc.sense.permission.worldclock.alert
ADDED from AndroidManifest.xml:42:5
	android:name
		ADDED from AndroidManifest.xml:42:22
uses-permission#android.permission.INTERACT_ACROSS_USERS
ADDED from AndroidManifest.xml:44:5
	android:name
		ADDED from AndroidManifest.xml:44:22
uses-permission#android.permission.MANAGE_USERS
ADDED from AndroidManifest.xml:45:5
	android:name
		ADDED from AndroidManifest.xml:45:22
uses-permission#android.permission.ACCESS_NETWORK_STATE
ADDED from AndroidManifest.xml:46:5
	android:name
		ADDED from AndroidManifest.xml:46:22
uses-permission#com.htc.permission.APP_PLATFORM
ADDED from AndroidManifest.xml:48:5
	android:name
		ADDED from AndroidManifest.xml:48:22
meta-data#HDK_Lib0_API19_1
ADDED from AndroidManifest.xml:49:5
	android:value
		ADDED from AndroidManifest.xml:49:48
	android:name
		ADDED from AndroidManifest.xml:49:16
meta-data#HDK_Lib1_API19_Sense60_Stable
ADDED from AndroidManifest.xml:50:5
	android:value
		ADDED from AndroidManifest.xml:50:61
	android:name
		ADDED from AndroidManifest.xml:50:16
meta-data#HDK_Lib3_API19_2_Stable
ADDED from AndroidManifest.xml:51:5
	android:value
		ADDED from AndroidManifest.xml:51:55
	android:name
		ADDED from AndroidManifest.xml:51:16
uses-sdk
ADDED from AndroidManifest.xml:52:5
MERGED from WorldClock.............hdk.htc.lib0:HtcDebugFlag:unspecified:7:5
MERGED from WorldClock.............hdk.htc.lib0:HDKUtil:unspecified:7:5
MERGED from WorldClock.............hdk.htc.lib0:Customization:unspecified:7:5
MERGED from WorldClock.............hdk.htc.lib0:HtcDebugFlag:unspecified:7:5
MERGED from WorldClock.............hdk.htc.lib0:Customization:unspecified:7:5
MERGED from WorldClock.............hdk.htc.lib1:HtcCalendarFramwork:unspecified:7:5
MERGED from WorldClock.............hdk.htc.lib0:Customization:unspecified:7:5
MERGED from WorldClock.............hdk.htc.lib0:HtcDebugFlag:unspecified:7:5
MERGED from WorldClock.............hdk.htc.lib1.HtcCommonControl:htccommoncontrol:unspecified:7:5
MERGED from com.android.support:appcompat-v7:25.0.1:21:5
MERGED from com.android.support:support-v4:25.0.1:21:5
MERGED from com.android.support:support-compat:26.0.0:21:5
MERGED from com.android.support:support-media-compat:25.0.1:21:5
MERGED from com.android.support:support-compat:26.0.0:21:5
MERGED from com.android.support:support-core-utils:25.0.1:21:5
MERGED from com.android.support:support-compat:26.0.0:21:5
MERGED from com.android.support:support-core-ui:25.0.1:21:5
MERGED from com.android.support:support-compat:26.0.0:21:5
MERGED from com.android.support:support-fragment:25.0.1:21:5
MERGED from com.android.support:support-compat:26.0.0:21:5
MERGED from com.android.support:support-media-compat:25.0.1:21:5
MERGED from com.android.support:support-compat:26.0.0:21:5
MERGED from com.android.support:support-core-ui:25.0.1:21:5
MERGED from com.android.support:support-compat:26.0.0:21:5
MERGED from com.android.support:support-core-utils:25.0.1:21:5
MERGED from com.android.support:support-compat:26.0.0:21:5
MERGED from com.android.support:support-vector-drawable:25.0.1:21:5
MERGED from com.android.support:support-compat:26.0.0:21:5
MERGED from com.android.support:animated-vector-drawable:25.0.1:20:5
MERGED from com.android.support:support-vector-drawable:25.0.1:21:5
MERGED from com.android.support:support-compat:26.0.0:21:5
MERGED from WorldClock.............hdk.htc.lib1:HtcTheme:unspecified:7:5
MERGED from WorldClock.............hdk.htc.lib1:HfmClient:unspecified:7:5
MERGED from WorldClock.............hdk.htc.lib1.HtcCommonControl:htccommoncontrol:unspecified:7:5
MERGED from com.android.support:appcompat-v7:25.0.1:21:5
MERGED from com.android.support:support-v4:25.0.1:21:5
MERGED from com.android.support:support-compat:26.0.0:21:5
MERGED from com.android.support:support-media-compat:25.0.1:21:5
MERGED from com.android.support:support-compat:26.0.0:21:5
MERGED from com.android.support:support-core-utils:25.0.1:21:5
MERGED from com.android.support:support-compat:26.0.0:21:5
MERGED from com.android.support:support-core-ui:25.0.1:21:5
MERGED from com.android.support:support-compat:26.0.0:21:5
MERGED from com.android.support:support-fragment:25.0.1:21:5
MERGED from com.android.support:support-compat:26.0.0:21:5
MERGED from com.android.support:support-media-compat:25.0.1:21:5
MERGED from com.android.support:support-compat:26.0.0:21:5
MERGED from com.android.support:support-core-ui:25.0.1:21:5
MERGED from com.android.support:support-compat:26.0.0:21:5
MERGED from com.android.support:support-core-utils:25.0.1:21:5
MERGED from com.android.support:support-compat:26.0.0:21:5
MERGED from com.android.support:support-vector-drawable:25.0.1:21:5
MERGED from com.android.support:support-compat:26.0.0:21:5
MERGED from com.android.support:animated-vector-drawable:25.0.1:20:5
MERGED from com.android.support:support-vector-drawable:25.0.1:21:5
MERGED from com.android.support:support-compat:26.0.0:21:5
MERGED from WorldClock.............hdk.htc.lib2:HtcConfiguration:unspecified:7:5
MERGED from WorldClock.............hdk.htc.lib0:Customization:unspecified:7:5
MERGED from WorldClock.............hdk.htc.lib0:HDKUtil:unspecified:7:5
MERGED from WorldClock.............hdk.htc.lib0:Customization:unspecified:7:5
MERGED from WorldClock.............hdk.htc.lib0:HtcDebugFlag:unspecified:7:5
MERGED from WorldClock.............hdk.htc.lib0:Customization:unspecified:7:5
MERGED from WorldClock.............hdk.htc.lib1:HtcTheme:unspecified:7:5
MERGED from WorldClock.............hdk.htc.lib0:HtcDebugFlag:unspecified:7:5
MERGED from WorldClock.............hdk.htc.lib0:HDKUtil:unspecified:7:5
MERGED from WorldClock.............hdk.htc.lib0:Customization:unspecified:7:5
MERGED from WorldClock.............hdk.htc.lib0:HtcDebugFlag:unspecified:7:5
MERGED from WorldClock.............hdk.htc.lib1:ProviderSettings:unspecified:7:5
MERGED from WorldClock.............hdk.htc.lib0:HtcDebugFlag:unspecified:7:5
MERGED from WorldClock.............hdk.htc.lib1:WeatherLib1:unspecified:7:5
MERGED from WorldClock.............hdk.htc.lib0:HtcDebugFlag:unspecified:7:5
MERGED from WorldClock.............hdk.htc.lib1:LockScreenLib1:unspecified:5:5
MERGED from WorldClock.............hdk.htc.lib0:HtcDebugFlag:unspecified:7:5
MERGED from WorldClock.............hdk.htc.lib1:MastHead:unspecified:5:5
MERGED from WorldClock.............hdk.htc.lib0:HDKUtil:unspecified:7:5
MERGED from WorldClock.............hdk.htc.lib0:Customization:unspecified:7:5
MERGED from WorldClock.............hdk.htc.lib0:HtcDebugFlag:unspecified:7:5
MERGED from WorldClock.............hdk.htc.lib0:Customization:unspecified:7:5
MERGED from WorldClock.............hdk.htc.lib1.HtcCommonControl:htccommoncontrol:unspecified:7:5
MERGED from com.android.support:appcompat-v7:25.0.1:21:5
MERGED from com.android.support:support-v4:25.0.1:21:5
MERGED from com.android.support:support-compat:26.0.0:21:5
MERGED from com.android.support:support-media-compat:25.0.1:21:5
MERGED from com.android.support:support-compat:26.0.0:21:5
MERGED from com.android.support:support-core-utils:25.0.1:21:5
MERGED from com.android.support:support-compat:26.0.0:21:5
MERGED from com.android.support:support-core-ui:25.0.1:21:5
MERGED from com.android.support:support-compat:26.0.0:21:5
MERGED from com.android.support:support-fragment:25.0.1:21:5
MERGED from com.android.support:support-compat:26.0.0:21:5
MERGED from com.android.support:support-media-compat:25.0.1:21:5
MERGED from com.android.support:support-compat:26.0.0:21:5
MERGED from com.android.support:support-core-ui:25.0.1:21:5
MERGED from com.android.support:support-compat:26.0.0:21:5
MERGED from com.android.support:support-core-utils:25.0.1:21:5
MERGED from com.android.support:support-compat:26.0.0:21:5
MERGED from com.android.support:support-vector-drawable:25.0.1:21:5
MERGED from com.android.support:support-compat:26.0.0:21:5
MERGED from com.android.support:animated-vector-drawable:25.0.1:20:5
MERGED from com.android.support:support-vector-drawable:25.0.1:21:5
MERGED from com.android.support:support-compat:26.0.0:21:5
MERGED from WorldClock.............hdk.htc.lib1:HtcTheme:unspecified:7:5
MERGED from WorldClock.............hdk.htc.lib1:ProviderSettings:unspecified:7:5
MERGED from WorldClock.............hdk.htc.lib0:HtcDebugFlag:unspecified:7:5
MERGED from WorldClock.............hdk.htc.lib1:HtcCalendarFramwork:unspecified:7:5
MERGED from WorldClock.............hdk.htc.lib0:Customization:unspecified:7:5
MERGED from WorldClock.............hdk.htc.lib0:HtcDebugFlag:unspecified:7:5
MERGED from WorldClock.............hdk.htc.lib1:WeatherLib1:unspecified:7:5
MERGED from WorldClock.............hdk.htc.lib0:HtcDebugFlag:unspecified:7:5
MERGED from WorldClock.............hdk.htc.lib2:WeatherLib2:unspecified:7:5
MERGED from WorldClock.............hdk.htc.lib0:HtcDebugFlag:unspecified:7:5
MERGED from WorldClock.............hdk.htc.lib2:HtcConfiguration:unspecified:7:5
MERGED from WorldClock.............hdk.htc.lib0:Customization:unspecified:7:5
MERGED from WorldClock.............hdk.htc.lib0:HDKUtil:unspecified:7:5
MERGED from WorldClock.............hdk.htc.lib0:Customization:unspecified:7:5
MERGED from WorldClock.............hdk.htc.lib0:HtcDebugFlag:unspecified:7:5
MERGED from WorldClock.............hdk.htc.lib2:WeatherLib2:unspecified:7:5
MERGED from WorldClock.............hdk.htc.lib0:HtcDebugFlag:unspecified:7:5
MERGED from WorldClock.............hdk.htc.lib2:LockScreenLib2:unspecified:5:5
MERGED from WorldClock.............hdk.htc.lib0:HtcDebugFlag:unspecified:7:5
MERGED from WorldClock.............hdk.htc.lib3:HtcIntentLib3:unspecified:7:5
MERGED from WorldClock.............hdk.htc.lib0:HDKUtil:unspecified:7:5
MERGED from WorldClock.............hdk.htc.lib0:Customization:unspecified:7:5
MERGED from WorldClock.............hdk.htc.lib0:HtcDebugFlag:unspecified:7:5
MERGED from WorldClock.............hdk.htc.lib3:PhoneContacts:unspecified:7:5
MERGED from WorldClock.............hdk.htc.lib0:HtcDebugFlag:unspecified:7:5
MERGED from WorldClock.............hdk.htc.lib3:HtcWrapWindowManager:unspecified:7:5
MERGED from com.android.support:support-compat:26.0.0:21:5
MERGED from com.android.support:appcompat-v7:25.0.1:21:5
MERGED from com.android.support:support-v4:25.0.1:21:5
MERGED from com.android.support:support-compat:26.0.0:21:5
MERGED from com.android.support:support-media-compat:25.0.1:21:5
MERGED from com.android.support:support-compat:26.0.0:21:5
MERGED from com.android.support:support-core-utils:25.0.1:21:5
MERGED from com.android.support:support-compat:26.0.0:21:5
MERGED from com.android.support:support-core-ui:25.0.1:21:5
MERGED from com.android.support:support-compat:26.0.0:21:5
MERGED from com.android.support:support-fragment:25.0.1:21:5
MERGED from com.android.support:support-compat:26.0.0:21:5
MERGED from com.android.support:support-media-compat:25.0.1:21:5
MERGED from com.android.support:support-compat:26.0.0:21:5
MERGED from com.android.support:support-core-ui:25.0.1:21:5
MERGED from com.android.support:support-compat:26.0.0:21:5
MERGED from com.android.support:support-core-utils:25.0.1:21:5
MERGED from com.android.support:support-compat:26.0.0:21:5
MERGED from com.android.support:support-vector-drawable:25.0.1:21:5
MERGED from com.android.support:support-compat:26.0.0:21:5
MERGED from com.android.support:animated-vector-drawable:25.0.1:20:5
MERGED from com.android.support:support-vector-drawable:25.0.1:21:5
MERGED from com.android.support:support-compat:26.0.0:21:5
	tools:overrideLibrary
		ADDED from com.android.support:appcompat-v7:25.0.1:23:9
	android:targetSdkVersion
		ADDED from AndroidManifest.xml:52:42
	android:minSdkVersion
		ADDED from AndroidManifest.xml:52:15
		MERGED from AndroidManifest.xml:52:15
		MERGED from AndroidManifest.xml:52:15
		MERGED from AndroidManifest.xml:52:15
		MERGED from AndroidManifest.xml:52:15
		MERGED from AndroidManifest.xml:52:15
		MERGED from AndroidManifest.xml:52:15
		MERGED from AndroidManifest.xml:52:15
		MERGED from AndroidManifest.xml:52:15
		MERGED from AndroidManifest.xml:52:15
		MERGED from AndroidManifest.xml:52:15
		MERGED from AndroidManifest.xml:52:15
		MERGED from AndroidManifest.xml:52:15
		MERGED from AndroidManifest.xml:52:15
		MERGED from AndroidManifest.xml:52:15
		MERGED from AndroidManifest.xml:52:15
		MERGED from AndroidManifest.xml:52:15
		MERGED from AndroidManifest.xml:52:15
		MERGED from AndroidManifest.xml:52:15
		MERGED from AndroidManifest.xml:52:15
		MERGED from AndroidManifest.xml:52:15
		MERGED from AndroidManifest.xml:52:15
		MERGED from AndroidManifest.xml:52:15
		MERGED from AndroidManifest.xml:52:15
		MERGED from AndroidManifest.xml:52:15
		MERGED from AndroidManifest.xml:52:15
		MERGED from AndroidManifest.xml:52:15
		MERGED from AndroidManifest.xml:52:15
		MERGED from AndroidManifest.xml:52:15
		MERGED from AndroidManifest.xml:52:15
		MERGED from AndroidManifest.xml:52:15
		MERGED from AndroidManifest.xml:52:15
		MERGED from AndroidManifest.xml:52:15
application
ADDED from AndroidManifest.xml:54:5
MERGED from WorldClock.............hdk.htc.lib0:HtcDebugFlag:unspecified:9:5
MERGED from WorldClock.............hdk.htc.lib0:HDKUtil:unspecified:11:5
MERGED from WorldClock.............hdk.htc.lib0:Customization:unspecified:9:5
MERGED from WorldClock.............hdk.htc.lib0:HtcDebugFlag:unspecified:9:5
MERGED from WorldClock.............hdk.htc.lib0:Customization:unspecified:9:5
MERGED from WorldClock.............hdk.htc.lib0:Customization:unspecified:9:5
MERGED from WorldClock.............hdk.htc.lib0:HtcDebugFlag:unspecified:9:5
MERGED from WorldClock.............hdk.htc.lib1.HtcCommonControl:htccommoncontrol:unspecified:16:5
MERGED from com.android.support:appcompat-v7:25.0.1:25:5
MERGED from com.android.support:support-v4:25.0.1:25:5
MERGED from com.android.support:support-compat:26.0.0:25:5
MERGED from com.android.support:support-media-compat:25.0.1:25:5
MERGED from com.android.support:support-compat:26.0.0:25:5
MERGED from com.android.support:support-core-utils:25.0.1:25:5
MERGED from com.android.support:support-compat:26.0.0:25:5
MERGED from com.android.support:support-core-ui:25.0.1:25:5
MERGED from com.android.support:support-compat:26.0.0:25:5
MERGED from com.android.support:support-fragment:25.0.1:25:5
MERGED from com.android.support:support-compat:26.0.0:25:5
MERGED from com.android.support:support-media-compat:25.0.1:25:5
MERGED from com.android.support:support-compat:26.0.0:25:5
MERGED from com.android.support:support-core-ui:25.0.1:25:5
MERGED from com.android.support:support-compat:26.0.0:25:5
MERGED from com.android.support:support-core-utils:25.0.1:25:5
MERGED from com.android.support:support-compat:26.0.0:25:5
MERGED from com.android.support:support-vector-drawable:25.0.1:23:5
MERGED from com.android.support:support-compat:26.0.0:25:5
MERGED from com.android.support:animated-vector-drawable:25.0.1:22:5
MERGED from com.android.support:support-vector-drawable:25.0.1:23:5
MERGED from com.android.support:support-compat:26.0.0:25:5
MERGED from WorldClock.............hdk.htc.lib1.HtcCommonControl:htccommoncontrol:unspecified:16:5
MERGED from com.android.support:appcompat-v7:25.0.1:25:5
MERGED from com.android.support:support-v4:25.0.1:25:5
MERGED from com.android.support:support-compat:26.0.0:25:5
MERGED from com.android.support:support-media-compat:25.0.1:25:5
MERGED from com.android.support:support-compat:26.0.0:25:5
MERGED from com.android.support:support-core-utils:25.0.1:25:5
MERGED from com.android.support:support-compat:26.0.0:25:5
MERGED from com.android.support:support-core-ui:25.0.1:25:5
MERGED from com.android.support:support-compat:26.0.0:25:5
MERGED from com.android.support:support-fragment:25.0.1:25:5
MERGED from com.android.support:support-compat:26.0.0:25:5
MERGED from com.android.support:support-media-compat:25.0.1:25:5
MERGED from com.android.support:support-compat:26.0.0:25:5
MERGED from com.android.support:support-core-ui:25.0.1:25:5
MERGED from com.android.support:support-compat:26.0.0:25:5
MERGED from com.android.support:support-core-utils:25.0.1:25:5
MERGED from com.android.support:support-compat:26.0.0:25:5
MERGED from com.android.support:support-vector-drawable:25.0.1:23:5
MERGED from com.android.support:support-compat:26.0.0:25:5
MERGED from com.android.support:animated-vector-drawable:25.0.1:22:5
MERGED from com.android.support:support-vector-drawable:25.0.1:23:5
MERGED from com.android.support:support-compat:26.0.0:25:5
MERGED from WorldClock.............hdk.htc.lib2:HtcConfiguration:unspecified:11:5
MERGED from WorldClock.............hdk.htc.lib0:Customization:unspecified:9:5
MERGED from WorldClock.............hdk.htc.lib0:HDKUtil:unspecified:11:5
MERGED from WorldClock.............hdk.htc.lib0:Customization:unspecified:9:5
MERGED from WorldClock.............hdk.htc.lib0:HtcDebugFlag:unspecified:9:5
MERGED from WorldClock.............hdk.htc.lib0:Customization:unspecified:9:5
MERGED from WorldClock.............hdk.htc.lib0:HtcDebugFlag:unspecified:9:5
MERGED from WorldClock.............hdk.htc.lib0:HDKUtil:unspecified:11:5
MERGED from WorldClock.............hdk.htc.lib0:Customization:unspecified:9:5
MERGED from WorldClock.............hdk.htc.lib0:HtcDebugFlag:unspecified:9:5
MERGED from WorldClock.............hdk.htc.lib1:ProviderSettings:unspecified:11:5
MERGED from WorldClock.............hdk.htc.lib0:HtcDebugFlag:unspecified:9:5
MERGED from WorldClock.............hdk.htc.lib1:WeatherLib1:unspecified:11:5
MERGED from WorldClock.............hdk.htc.lib0:HtcDebugFlag:unspecified:9:5
MERGED from WorldClock.............hdk.htc.lib1:LockScreenLib1:unspecified:9:5
MERGED from WorldClock.............hdk.htc.lib0:HtcDebugFlag:unspecified:9:5
MERGED from WorldClock.............hdk.htc.lib0:HDKUtil:unspecified:11:5
MERGED from WorldClock.............hdk.htc.lib0:Customization:unspecified:9:5
MERGED from WorldClock.............hdk.htc.lib0:HtcDebugFlag:unspecified:9:5
MERGED from WorldClock.............hdk.htc.lib0:Customization:unspecified:9:5
MERGED from WorldClock.............hdk.htc.lib1.HtcCommonControl:htccommoncontrol:unspecified:16:5
MERGED from com.android.support:appcompat-v7:25.0.1:25:5
MERGED from com.android.support:support-v4:25.0.1:25:5
MERGED from com.android.support:support-compat:26.0.0:25:5
MERGED from com.android.support:support-media-compat:25.0.1:25:5
MERGED from com.android.support:support-compat:26.0.0:25:5
MERGED from com.android.support:support-core-utils:25.0.1:25:5
MERGED from com.android.support:support-compat:26.0.0:25:5
MERGED from com.android.support:support-core-ui:25.0.1:25:5
MERGED from com.android.support:support-compat:26.0.0:25:5
MERGED from com.android.support:support-fragment:25.0.1:25:5
MERGED from com.android.support:support-compat:26.0.0:25:5
MERGED from com.android.support:support-media-compat:25.0.1:25:5
MERGED from com.android.support:support-compat:26.0.0:25:5
MERGED from com.android.support:support-core-ui:25.0.1:25:5
MERGED from com.android.support:support-compat:26.0.0:25:5
MERGED from com.android.support:support-core-utils:25.0.1:25:5
MERGED from com.android.support:support-compat:26.0.0:25:5
MERGED from com.android.support:support-vector-drawable:25.0.1:23:5
MERGED from com.android.support:support-compat:26.0.0:25:5
MERGED from com.android.support:animated-vector-drawable:25.0.1:22:5
MERGED from com.android.support:support-vector-drawable:25.0.1:23:5
MERGED from com.android.support:support-compat:26.0.0:25:5
MERGED from WorldClock.............hdk.htc.lib1:ProviderSettings:unspecified:11:5
MERGED from WorldClock.............hdk.htc.lib0:HtcDebugFlag:unspecified:9:5
MERGED from WorldClock.............hdk.htc.lib0:Customization:unspecified:9:5
MERGED from WorldClock.............hdk.htc.lib0:HtcDebugFlag:unspecified:9:5
MERGED from WorldClock.............hdk.htc.lib1:WeatherLib1:unspecified:11:5
MERGED from WorldClock.............hdk.htc.lib0:HtcDebugFlag:unspecified:9:5
MERGED from WorldClock.............hdk.htc.lib2:WeatherLib2:unspecified:11:5
MERGED from WorldClock.............hdk.htc.lib0:HtcDebugFlag:unspecified:9:5
MERGED from WorldClock.............hdk.htc.lib2:HtcConfiguration:unspecified:11:5
MERGED from WorldClock.............hdk.htc.lib0:Customization:unspecified:9:5
MERGED from WorldClock.............hdk.htc.lib0:HDKUtil:unspecified:11:5
MERGED from WorldClock.............hdk.htc.lib0:Customization:unspecified:9:5
MERGED from WorldClock.............hdk.htc.lib0:HtcDebugFlag:unspecified:9:5
MERGED from WorldClock.............hdk.htc.lib2:WeatherLib2:unspecified:11:5
MERGED from WorldClock.............hdk.htc.lib0:HtcDebugFlag:unspecified:9:5
MERGED from WorldClock.............hdk.htc.lib2:LockScreenLib2:unspecified:9:5
MERGED from WorldClock.............hdk.htc.lib0:HtcDebugFlag:unspecified:9:5
MERGED from WorldClock.............hdk.htc.lib3:HtcIntentLib3:unspecified:11:5
MERGED from WorldClock.............hdk.htc.lib0:HDKUtil:unspecified:11:5
MERGED from WorldClock.............hdk.htc.lib0:Customization:unspecified:9:5
MERGED from WorldClock.............hdk.htc.lib0:HtcDebugFlag:unspecified:9:5
MERGED from WorldClock.............hdk.htc.lib0:HtcDebugFlag:unspecified:9:5
MERGED from com.android.support:support-compat:26.0.0:25:5
MERGED from com.android.support:appcompat-v7:25.0.1:25:5
MERGED from com.android.support:support-v4:25.0.1:25:5
MERGED from com.android.support:support-compat:26.0.0:25:5
MERGED from com.android.support:support-media-compat:25.0.1:25:5
MERGED from com.android.support:support-compat:26.0.0:25:5
MERGED from com.android.support:support-core-utils:25.0.1:25:5
MERGED from com.android.support:support-compat:26.0.0:25:5
MERGED from com.android.support:support-core-ui:25.0.1:25:5
MERGED from com.android.support:support-compat:26.0.0:25:5
MERGED from com.android.support:support-fragment:25.0.1:25:5
MERGED from com.android.support:support-compat:26.0.0:25:5
MERGED from com.android.support:support-media-compat:25.0.1:25:5
MERGED from com.android.support:support-compat:26.0.0:25:5
MERGED from com.android.support:support-core-ui:25.0.1:25:5
MERGED from com.android.support:support-compat:26.0.0:25:5
MERGED from com.android.support:support-core-utils:25.0.1:25:5
MERGED from com.android.support:support-compat:26.0.0:25:5
MERGED from com.android.support:support-vector-drawable:25.0.1:23:5
MERGED from com.android.support:support-compat:26.0.0:25:5
MERGED from com.android.support:animated-vector-drawable:25.0.1:22:5
MERGED from com.android.support:support-vector-drawable:25.0.1:23:5
MERGED from com.android.support:support-compat:26.0.0:25:5
	android:backupAgent
		ADDED from AndroidManifest.xml:56:9
	android:label
		ADDED from AndroidManifest.xml:55:9
	android:resizeableActivity
		ADDED from AndroidManifest.xml:58:9
	android:icon
		ADDED from AndroidManifest.xml:59:9
	android:restoreAnyVersion
		ADDED from AndroidManifest.xml:57:9
	android:allowBackup
		ADDED from WorldClock.............hdk.htc.lib2:WeatherLib2:unspecified:11:18
	android:theme
		ADDED from AndroidManifest.xml:54:18
provider#com.htc.android.worldclock.alarmclock.AlarmProvider
ADDED from AndroidManifest.xml:60:9
	android:readPermission
		ADDED from AndroidManifest.xml:60:84
	android:authorities
		ADDED from AndroidManifest.xml:60:142
	android:exported
		ADDED from AndroidManifest.xml:60:19
	android:name
		ADDED from AndroidManifest.xml:60:43
provider#com.htc.android.worldclock.stopwatch.StopwatchProvider
ADDED from AndroidManifest.xml:61:9
	android:authorities
		ADDED from AndroidManifest.xml:61:88
	android:exported
		ADDED from AndroidManifest.xml:61:19
	android:name
		ADDED from AndroidManifest.xml:61:44
provider#com.htc.android.worldclock.timer.TimerProvider
ADDED from AndroidManifest.xml:62:9
	android:authorities
		ADDED from AndroidManifest.xml:62:80
	android:exported
		ADDED from AndroidManifest.xml:62:19
	android:name
		ADDED from AndroidManifest.xml:62:44
meta-data#android.app.default_searchable
ADDED from AndroidManifest.xml:63:9
	android:value
		ADDED from AndroidManifest.xml:63:66
	android:name
		ADDED from AndroidManifest.xml:63:20
meta-data#com.google.android.backup.api_key
ADDED from AndroidManifest.xml:64:9
	android:value
		ADDED from AndroidManifest.xml:65:13
	android:name
		ADDED from AndroidManifest.xml:64:20
meta-data#China_Sense
ADDED from AndroidManifest.xml:67:9
	android:value
		ADDED from AndroidManifest.xml:67:47
	android:name
		ADDED from AndroidManifest.xml:67:20
meta-data#com.htc.themepicker.apply.supported.application.type
ADDED from AndroidManifest.xml:69:9
	android:value
		ADDED from AndroidManifest.xml:71:13
	android:name
		ADDED from AndroidManifest.xml:70:13
meta-data#com.htc.themepicker.apply.supported.feature.texture
ADDED from AndroidManifest.xml:74:9
	android:value
		ADDED from AndroidManifest.xml:76:13
	android:name
		ADDED from AndroidManifest.xml:75:13
meta-data#com.htc.themepicker.apply.supported.feature.weatherclockasset
ADDED from AndroidManifest.xml:79:9
	android:value
		ADDED from AndroidManifest.xml:81:13
	android:name
		ADDED from AndroidManifest.xml:80:13
activity#com.htc.android.worldclock.WorldClockTabControl
ADDED from AndroidManifest.xml:82:9
	android:clearTaskOnLaunch
		ADDED from AndroidManifest.xml:88:13
	android:screenOrientation
		ADDED from AndroidManifest.xml:87:13
	android:label
		ADDED from AndroidManifest.xml:84:13
	android:launchMode
		ADDED from AndroidManifest.xml:89:13
	android:windowSoftInputMode
		ADDED from AndroidManifest.xml:86:13
	android:configChanges
		ADDED from AndroidManifest.xml:90:13
	android:icon
		ADDED from AndroidManifest.xml:85:13
	android:theme
		ADDED from AndroidManifest.xml:83:13
	android:name
		ADDED from AndroidManifest.xml:82:19
intent-filter#android.intent.action.MAIN+android.intent.category.DEFAULT+android.intent.category.LAUNCHER
ADDED from AndroidManifest.xml:91:13
action#android.intent.action.MAIN
ADDED from AndroidManifest.xml:92:17
	android:name
		ADDED from AndroidManifest.xml:92:25
category#android.intent.category.DEFAULT
ADDED from AndroidManifest.xml:93:17
	android:name
		ADDED from AndroidManifest.xml:93:27
category#android.intent.category.LAUNCHER
ADDED from AndroidManifest.xml:94:17
	android:name
		ADDED from AndroidManifest.xml:94:27
meta-data#android.app.shortcuts
ADDED from AndroidManifest.xml:96:13
	android:resource
		ADDED from AndroidManifest.xml:96:61
	android:name
		ADDED from AndroidManifest.xml:96:24
activity#com.htc.android.worldclock.TimeZonePicker
ADDED from AndroidManifest.xml:100:9
	android:screenOrientation
		ADDED from AndroidManifest.xml:104:13
	android:label
		ADDED from AndroidManifest.xml:102:13
	android:windowSoftInputMode
		ADDED from AndroidManifest.xml:103:13
	android:permission